<?xml version="1.0" encoding="UTF-8"?>
<testsuite name="Test" time="0" tests="0" errors="0" skipped="0" failures="0">
  <properties>
    <property name="java.vendor" value="Oracle Corporation"/>
    <property name="JOB_NAME" value="CAPI"/>
    <property name="JAVA_MAIN_CLASS_872" value="Main"/>
    <property name="PWD" value="/Applications/Jenkins"/>
    <property name="sun.java.launcher" value="SUN_STANDARD"/>
    <property name="sun.management.compiler" value="HotSpot 64-Bit Tiered Compilers"/>
    <property name="JENKINS_HOME" value="/Users/winston/.jenkins"/>
    <property name="PATH" value="/Library/Java/JavaVirtualMachines/jdk1.8.0_171.jdk/Contents/Home/bin:/opt/anaconda/bin:/anaconda3/bin:/opt/anaconda/bin:/usr/local/bin:/usr/bin:/bin:/usr/sbin:/sbin:/usr/local/mysql/bin/:/usr/local/share/dotnet"/>
    <property name="HUDSON_SERVER_COOKIE" value="01bb22ebab76229f"/>
    <property name="POM_ARTIFACTID" value="springboot-starter"/>
    <property name="os.name" value="Mac OS X"/>
    <property name="TERM_PROGRAM" value="Apple_Terminal"/>
    <property name="sun.boot.class.path" value="/Library/Java/JavaVirtualMachines/jdk1.8.0_171.jdk/Contents/Home/jre/lib/resources.jar:/Library/Java/JavaVirtualMachines/jdk1.8.0_171.jdk/Contents/Home/jre/lib/rt.jar:/Library/Java/JavaVirtualMachines/jdk1.8.0_171.jdk/Contents/Home/jre/lib/sunrsasign.jar:/Library/Java/JavaVirtualMachines/jdk1.8.0_171.jdk/Contents/Home/jre/lib/jsse.jar:/Library/Java/JavaVirtualMachines/jdk1.8.0_171.jdk/Contents/Home/jre/lib/jce.jar:/Library/Java/JavaVirtualMachines/jdk1.8.0_171.jdk/Contents/Home/jre/lib/charsets.jar:/Library/Java/JavaVirtualMachines/jdk1.8.0_171.jdk/Contents/Home/jre/lib/jfr.jar:/Library/Java/JavaVirtualMachines/jdk1.8.0_171.jdk/Contents/Home/jre/classes"/>
    <property name="EXECUTOR_NUMBER" value="1"/>
    <property name="TERM_SESSION_ID" value="1659DF22-2A88-4145-AB69-6BDE952ACAC1"/>
    <property name="java.vm.specification.vendor" value="Oracle Corporation"/>
    <property name="POM_DISPLAYNAME" value="Course API"/>
    <property name="NODE_LABELS" value="master"/>
    <property name="java.runtime.version" value="1.8.0_171-b11"/>
    <property name="user.name" value="winston"/>
    <property name="guice.disable.misplaced.annotation.check" value="true"/>
    <property name="SECURITYSESSIONID" value="186aa"/>
    <property name="user.language" value="en"/>
    <property name="JOB_BASE_NAME" value="CAPI"/>
    <property name="RUN_CHANGES_DISPLAY_URL" value="http://localhost:8080/job/CAPI/10/display/redirect?page=changes"/>
    <property name="BUILD_DISPLAY_NAME" value="#10"/>
    <property name="TMPDIR" value="/var/folders/v9/d7nw8nxn7292yd_zccjhpbc40000gn/T/"/>
    <property name="sun.boot.library.path" value="/Library/Java/JavaVirtualMachines/jdk1.8.0_171.jdk/Contents/Home/jre/lib"/>
    <property name="GIT_PREVIOUS_SUCCESSFUL_COMMIT" value="8453d22b3dbd8f128b4d785b342d967d4aa31a01"/>
    <property name="java.version" value="1.8.0_171"/>
    <property name="XPC_FLAGS" value="0x0"/>
    <property name="user.timezone" value="Australia/Melbourne"/>
    <property name="sun.arch.data.model" value="64"/>
    <property name="NODE_NAME" value="master"/>
    <property name="TERM" value="xterm-256color"/>
    <property name="http.nonProxyHosts" value="local|*.local|169.254/16|*.169.254/16"/>
    <property name="java.endorsed.dirs" value="/Library/Java/JavaVirtualMachines/jdk1.8.0_171.jdk/Contents/Home/jre/lib/endorsed"/>
    <property name="BUILD_ID" value="10"/>
    <property name="sun.cpu.isalist" value=""/>
    <property name="sun.jnu.encoding" value="UTF-8"/>
    <property name="file.encoding.pkg" value="sun.io"/>
    <property name="SHELL" value="/bin/bash"/>
    <property name="file.separator" value="/"/>
    <property name="java.specification.name" value="Java Platform API Specification"/>
    <property name="maven.conf" value="/Users/winston/.jenkins/tools/hudson.tasks.Maven_MavenInstallation/Maven/conf"/>
    <property name="java.class.version" value="52.0"/>
    <property name="org.slf4j.simpleLogger.defaultLogLevel" value="info"/>
    <property name="user.country" value="NZ"/>
    <property name="java.home" value="/Library/Java/JavaVirtualMachines/jdk1.8.0_171.jdk/Contents/Home/jre"/>
    <property name="java.vm.info" value="mixed mode"/>
    <property name="os.version" value="10.13.6"/>
    <property name="RUN_DISPLAY_URL" value="http://localhost:8080/job/CAPI/10/display/redirect"/>
    <property name="POM_VERSION" value="0.0.1-SNAPSHOT"/>
    <property name="sun.font.fontmanager" value="sun.font.CFontManager"/>
    <property name="path.separator" value=":"/>
    <property name="java.vm.version" value="25.171-b11"/>
    <property name="GIT_PREVIOUS_COMMIT" value="8453d22b3dbd8f128b4d785b342d967d4aa31a01"/>
    <property name="JOB_DISPLAY_URL" value="http://localhost:8080/job/CAPI/display/redirect"/>
    <property name="SHLVL" value="1"/>
    <property name="_" value="/usr/bin/java"/>
    <property name="java.awt.printerjob" value="sun.lwawt.macosx.CPrinterJob"/>
    <property name="JAVA_HOME" value="/Library/Java/JavaVirtualMachines/jdk1.8.0_171.jdk/Contents/Home"/>
    <property name="sun.io.unicode.encoding" value="UnicodeBig"/>
    <property name="awt.toolkit" value="sun.lwawt.macosx.LWCToolkit"/>
    <property name="LOGNAME" value="winston"/>
    <property name="socksNonProxyHosts" value="local|*.local|169.254/16|*.169.254/16"/>
    <property name="POM_PACKAGING" value="war"/>
    <property name="ftp.nonProxyHosts" value="local|*.local|169.254/16|*.169.254/16"/>
    <property name="HOME" value="/Users/winston"/>
    <property name="POM_GROUPID" value="springboot"/>
    <property name="user.home" value="/Users/winston"/>
    <property name="BUILD_TAG" value="jenkins-CAPI-10"/>
    <property name="JENKINS_SERVER_COOKIE" value="01bb22ebab76229f"/>
    <property name="HUDSON_URL" value="http://localhost:8080/"/>
    <property name="XPC_SERVICE_NAME" value="0"/>
    <property name="java.specification.vendor" value="Oracle Corporation"/>
    <property name="CLASSPATH" value=""/>
    <property name="java.vendor.url" value="http://java.oracle.com/"/>
    <property name="java.library.path" value="/Users/winston/Library/Java/Extensions:/Library/Java/Extensions:/Network/Library/Java/Extensions:/System/Library/Java/Extensions:/usr/lib/java:."/>
    <property name="Apple_PubSub_Socket_Render" value="/private/tmp/com.apple.launchd.GrFChC8utp/Render"/>
    <property name="gopherProxySet" value="false"/>
    <property name="java.vm.vendor" value="Oracle Corporation"/>
    <property name="java.runtime.name" value="Java(TM) SE Runtime Environment"/>
    <property name="maven.home" value="/Users/winston/.jenkins/tools/hudson.tasks.Maven_MavenInstallation/Maven"/>
    <property name="java.class.path" value="/Users/winston/.jenkins/plugins/maven-plugin/WEB-INF/lib/maven35-agent-1.13.jar:/Users/winston/.jenkins/tools/hudson.tasks.Maven_MavenInstallation/Maven/boot/plexus-classworlds-2.6.0.jar:/Users/winston/.jenkins/tools/hudson.tasks.Maven_MavenInstallation/Maven/conf/logging"/>
    <property name="sun.java.command" value="jenkins.maven3.agent.Maven35Main /Users/winston/.jenkins/tools/hudson.tasks.Maven_MavenInstallation/Maven /Users/winston/.jenkins/war/WEB-INF/lib/remoting-3.36.jar /Users/winston/.jenkins/plugins/maven-plugin/WEB-INF/lib/maven35-interceptor-1.13.jar /Users/winston/.jenkins/plugins/maven-plugin/WEB-INF/lib/maven3-interceptor-commons-1.13.jar 51134"/>
    <property name="java.vm.specification.name" value="Java Virtual Machine Specification"/>
    <property name="PATH+JDK" value="/Library/Java/JavaVirtualMachines/jdk1.8.0_171.jdk/Contents/Home/bin"/>
    <property name="java.vm.specification.version" value="1.8"/>
    <property name="sun.os.patch.level" value="unknown"/>
    <property name="sun.cpu.endian" value="little"/>
    <property name="M2_HOME" value="/Users/winston/.jenkins/tools/hudson.tasks.Maven_MavenInstallation/Maven"/>
    <property name="java.io.tmpdir" value="/var/folders/v9/d7nw8nxn7292yd_zccjhpbc40000gn/T/"/>
    <property name="HUDSON_HOME" value="/Users/winston/.jenkins"/>
    <property name="PATH+MAVEN" value="/Users/winston/.jenkins/tools/hudson.tasks.Maven_MavenInstallation/Maven/bin"/>
    <property name="BUILD_URL" value="http://localhost:8080/job/CAPI/10/"/>
    <property name="java.vendor.url.bug" value="http://bugreport.sun.com/bugreport/"/>
    <property name="PS1" value="\[\033[92m\]\u@\h: \[\033[95m\]$(echo -n &quot;/Applications/Jenkins&quot; | awk &quot;$MYPSDIR_AWK&quot;)\[\033[0;36m\]$(git-branch-prompt)\[\033[95m\] $\[\033[0m\] "/>
    <property name="MYPSDIR" value="$(echo -n &quot;/Applications/Jenkins&quot; | awk &quot;$MYPSDIR_AWK&quot;)"/>
    <property name="SSH_AUTH_SOCK" value="/private/tmp/com.apple.launchd.ElZDLa9Gss/Listeners"/>
    <property name="java.awt.graphicsenv" value="sun.awt.CGraphicsEnvironment"/>
    <property name="os.arch" value="x86_64"/>
    <property name="java.ext.dirs" value="/Users/winston/Library/Java/Extensions:/Library/Java/JavaVirtualMachines/jdk1.8.0_171.jdk/Contents/Home/jre/lib/ext:/Library/Java/Extensions:/Network/Library/Java/Extensions:/System/Library/Java/Extensions:/usr/lib/java"/>
    <property name="__CF_USER_TEXT_ENCODING" value="0x1F5:0x0:0x0"/>
    <property name="user.dir" value="/Users/winston/Desktop/CourseAPI/Backend/springboot-starter"/>
    <property name="JOB_URL" value="http://localhost:8080/job/CAPI/"/>
    <property name="line.separator" value="&#10;"/>
    <property name="MAVEN_HOME" value="/Users/winston/.jenkins/tools/hudson.tasks.Maven_MavenInstallation/Maven"/>
    <property name="java.vm.name" value="Java HotSpot(TM) 64-Bit Server VM"/>
    <property name="BUILD_NUMBER" value="10"/>
    <property name="JENKINS_URL" value="http://localhost:8080/"/>
    <property name="TERM_PROGRAM_VERSION" value="404"/>
    <property name="GIT_BRANCH" value="origin/master"/>
    <property name="GIT_COMMIT" value="8453d22b3dbd8f128b4d785b342d967d4aa31a01"/>
    <property name="file.encoding" value="UTF-8"/>
    <property name="LANG" value="en_NZ.UTF-8"/>
    <property name="maven3.interceptor" value="/Users/winston/.jenkins/plugins/maven-plugin/WEB-INF/lib/maven35-interceptor-1.13.jar"/>
    <property name="WORKSPACE" value="/Users/winston/.jenkins/workspace/CAPI"/>
    <property name="maven3.interceptor.common" value="/Users/winston/.jenkins/plugins/maven-plugin/WEB-INF/lib/maven3-interceptor-commons-1.13.jar"/>
    <property name="java.specification.version" value="1.8"/>
    <property name="USER" value="winston"/>
    <property name="GIT_URL" value="https://github.com/stonzim/CourseAPI.git/"/>
  </properties>
</testsuite>